#! /Users/andre_apl/Downloads/oss-cad-suite/bin/vvp
:ivl_version "13.0 (devel)" "(s20251012-95-ga44b3fbe4)";
:ivl_delay_selection "TYPICAL";
:vpi_time_precision + 0;
:vpi_module "/Users/andre_apl/Downloads/oss-cad-suite/lib/ivl/system.vpi";
:vpi_module "/Users/andre_apl/Downloads/oss-cad-suite/lib/ivl/vhdl_sys.vpi";
:vpi_module "/Users/andre_apl/Downloads/oss-cad-suite/lib/ivl/vhdl_textio.vpi";
:vpi_module "/Users/andre_apl/Downloads/oss-cad-suite/lib/ivl/v2005_math.vpi";
:vpi_module "/Users/andre_apl/Downloads/oss-cad-suite/lib/ivl/va_math.vpi";
S_0x1057f0a10 .scope module, "and_tb" "and_tb" 2 1;
 .timescale 0 0;
v0x1057f7130_0 .var "a", 0 0;
v0x1057f71d0_0 .var "b", 0 0;
v0x1057f7270_0 .net "out", 0 0, L_0x1057f7310;  1 drivers
S_0x1057f1670 .scope module, "DUT" "gates2" 2 6, 3 1 0, S_0x1057f0a10;
 .timescale 0 0;
    .port_info 0 /INPUT 1 "a";
    .port_info 1 /INPUT 1 "b";
    .port_info 2 /OUTPUT 1 "out";
L_0x1057f7310 .functor AND 1, v0x1057f7130_0, v0x1057f71d0_0, C4<1>, C4<1>;
v0x1057f17f0_0 .net "a", 0 0, v0x1057f7130_0;  1 drivers
v0x1057f6c30_0 .net "b", 0 0, v0x1057f71d0_0;  1 drivers
v0x1057f6cd0_0 .net "out", 0 0, L_0x1057f7310;  alias, 1 drivers
    .scope S_0x1057f0a10;
T_0 ;
    %vpi_call 2 10 "$display", "simulacion iniciada" {0 0 0};
    %pushi/vec4 0, 0, 1;
    %store/vec4 v0x1057f7130_0, 0, 1;
    %pushi/vec4 0, 0, 1;
    %store/vec4 v0x1057f71d0_0, 0, 1;
    %delay 10, 0;
    %pushi/vec4 1, 0, 1;
    %store/vec4 v0x1057f71d0_0, 0, 1;
    %delay 10, 0;
    %pushi/vec4 1, 0, 1;
    %store/vec4 v0x1057f7130_0, 0, 1;
    %delay 10, 0;
    %pushi/vec4 0, 0, 1;
    %store/vec4 v0x1057f71d0_0, 0, 1;
    %delay 10, 0;
    %vpi_call 2 20 "$display", "simulacion finalizada" {0 0 0};
    %vpi_call 2 21 "$stop" {0 0 0};
    %vpi_call 2 22 "$finish" {0 0 0};
    %end;
    .thread T_0;
    .scope S_0x1057f0a10;
T_1 ;
    %vpi_call 2 26 "$monitor", "a = %b,b = %b,out = %b,", v0x1057f7130_0, v0x1057f71d0_0, v0x1057f7270_0 {0 0 0};
    %end;
    .thread T_1;
# The file index is used to find the file name in the following table.
:file_names 4;
    "N/A";
    "<interactive>";
    "and_tb.v";
    "and.v";
