#! /Users/andre_apl/Downloads/oss-cad-suite/bin/vvp
:ivl_version "13.0 (devel)" "(s20251012-95-ga44b3fbe4)";
:ivl_delay_selection "TYPICAL";
:vpi_time_precision + 0;
:vpi_module "/Users/andre_apl/Downloads/oss-cad-suite/lib/ivl/system.vpi";
:vpi_module "/Users/andre_apl/Downloads/oss-cad-suite/lib/ivl/vhdl_sys.vpi";
:vpi_module "/Users/andre_apl/Downloads/oss-cad-suite/lib/ivl/vhdl_textio.vpi";
:vpi_module "/Users/andre_apl/Downloads/oss-cad-suite/lib/ivl/v2005_math.vpi";
:vpi_module "/Users/andre_apl/Downloads/oss-cad-suite/lib/ivl/va_math.vpi";
S_0x104fc2ad0 .scope module, "FFD_tb" "FFD_tb" 2 1;
 .timescale 0 0;
v0x104fc7f70_0 .var "CLK", 0 0;
v0x104fc8010_0 .var "D", 0 0;
v0x104fc80b0_0 .net "Q", 0 0, v0x104fc7e30_0;  1 drivers
v0x104fc8150_0 .var "RST", 0 0;
S_0x104fc0320 .scope module, "DUT" "FFD" 2 8, 3 1 0, S_0x104fc2ad0;
 .timescale 0 0;
    .port_info 0 /INPUT 1 "D";
    .port_info 1 /INPUT 1 "CLK";
    .port_info 2 /INPUT 1 "RST";
    .port_info 3 /OUTPUT 1 "Q";
v0x104fc04a0_0 .net "CLK", 0 0, v0x104fc7f70_0;  1 drivers
v0x104fc0570_0 .net "D", 0 0, v0x104fc8010_0;  1 drivers
v0x104fc7e30_0 .var "Q", 0 0;
v0x104fc7ed0_0 .net "RST", 0 0, v0x104fc8150_0;  1 drivers
E_0x104fc2ec0 .event posedge, v0x104fc7ed0_0, v0x104fc04a0_0;
    .scope S_0x104fc0320;
T_0 ;
    %wait E_0x104fc2ec0;
    %load/vec4 v0x104fc7ed0_0;
    %pad/u 32;
    %cmpi/e 1, 0, 32;
    %jmp/0xz  T_0.0, 4;
    %pushi/vec4 0, 0, 1;
    %assign/vec4 v0x104fc7e30_0, 0;
    %jmp T_0.1;
T_0.0 ;
    %load/vec4 v0x104fc0570_0;
    %assign/vec4 v0x104fc7e30_0, 0;
T_0.1 ;
    %jmp T_0;
    .thread T_0;
    .scope S_0x104fc2ad0;
T_1 ;
    %pushi/vec4 0, 0, 1;
    %store/vec4 v0x104fc7f70_0, 0, 1;
    %load/vec4 v0x104fc7f70_0;
    %inv;
    %store/vec4 v0x104fc7f70_0, 0, 1;
    %end;
    .thread T_1;
    .scope S_0x104fc2ad0;
T_2 ;
    %pushi/vec4 1, 0, 1;
    %store/vec4 v0x104fc8150_0, 0, 1;
    %pushi/vec4 0, 0, 1;
    %assign/vec4 v0x104fc8010_0, 0;
    %delay 100, 0;
    %pushi/vec4 0, 0, 1;
    %store/vec4 v0x104fc8150_0, 0, 1;
    %pushi/vec4 1, 0, 1;
    %assign/vec4 v0x104fc8010_0, 0;
    %delay 100, 0;
    %pushi/vec4 0, 0, 1;
    %assign/vec4 v0x104fc8010_0, 0;
    %delay 100, 0;
    %pushi/vec4 1, 0, 1;
    %store/vec4 v0x104fc8010_0, 0, 1;
    %end;
    .thread T_2;
    .scope S_0x104fc2ad0;
T_3 ;
    %vpi_call 2 29 "$monitor", "D = %b,CLK = %b, RST = %b,Q = b", v0x104fc8010_0, v0x104fc7f70_0, v0x104fc8150_0, v0x104fc80b0_0 {0 0 0};
    %end;
    .thread T_3;
    .scope S_0x104fc2ad0;
T_4 ;
    %vpi_call 2 33 "$dumpfile", "FFD_tb.vcd" {0 0 0};
    %vpi_call 2 34 "$dumpvars", 32'sb00000000000000000000000000000000, S_0x104fc2ad0 {0 0 0};
    %end;
    .thread T_4;
# The file index is used to find the file name in the following table.
:file_names 4;
    "N/A";
    "<interactive>";
    "FFD_tb.v";
    "FFD.v";
