#! 
:ivl_version "13.0 (devel)" "(s20251012-92-gfe295c89f-dirty)";
:ivl_delay_selection "TYPICAL";
:vpi_time_precision + 0;
:vpi_module "D:\OSS-CA~1\lib\ivl\system.vpi";
:vpi_module "D:\OSS-CA~1\lib\ivl\vhdl_sys.vpi";
:vpi_module "D:\OSS-CA~1\lib\ivl\vhdl_textio.vpi";
:vpi_module "D:\OSS-CA~1\lib\ivl\v2005_math.vpi";
:vpi_module "D:\OSS-CA~1\lib\ivl\va_math.vpi";
S_0000015203561a00 .scope module, "UART_tb" "UART_tb" 2 1;
 .timescale 0 0;
L_0000015203562d20 .functor BUFZ 1, v00000152035452b0_0, C4<0>, C4<0>, C4<0>;
v0000015203545490_0 .net "UART_wire", 0 0, L_0000015203562d20;  1 drivers
v00000152035bd680_0 .net "busy", 0 0, v0000015203545b70_0;  1 drivers
v00000152035bd5e0_0 .var "clk", 0 0;
v00000152035bd360_0 .var "data_in", 7 0;
v00000152035bbe20_0 .net "data_out", 7 0, v0000015203545a30_0;  1 drivers
v00000152035bc280_0 .net "data_ready", 0 0, v0000015203545170_0;  1 drivers
v00000152035bd4a0_0 .var "rst", 0 0;
v00000152035bba60_0 .var "start", 0 0;
v00000152035bcbe0_0 .net "tx_out", 0 0, v00000152035452b0_0;  1 drivers
S_0000015203561b90 .scope module, "RX_inst" "UART_Rx" 2 33, 3 1 0, S_0000015203561a00;
 .timescale 0 0;
    .port_info 0 /INPUT 1 "clk";
    .port_info 1 /INPUT 1 "rst";
    .port_info 2 /INPUT 1 "rx_in";
    .port_info 3 /OUTPUT 8 "data_out";
    .port_info 4 /OUTPUT 1 "data_ready";
P_0000015203554240 .param/l "BAUD_RATE" 0 3 2, +C4<00000000000000000010010110000000>;
P_0000015203554278 .param/l "BAUD_TICK" 1 3 18, +C4<00000000000000000001010001011000>;
P_00000152035542b0 .param/l "BITS" 0 3 4, +C4<00000000000000000000000000001000>;
P_00000152035542e8 .param/l "CLOCK_FREQ" 0 3 3, +C4<00000010111110101111000010000000>;
P_0000015203554320 .param/l "DATA_BITS" 1 3 15, +C4<00000000000000000000000000000010>;
P_0000015203554358 .param/l "IDLE" 1 3 13, +C4<00000000000000000000000000000000>;
P_0000015203554390 .param/l "START_BIT" 1 3 14, +C4<00000000000000000000000000000001>;
P_00000152035543c8 .param/l "STOP_BIT" 1 3 16, +C4<00000000000000000000000000000011>;
v0000015203545670_0 .var "baud_counter", 15 0;
v00000152035450d0_0 .var "bit_index", 3 0;
v0000015203544e50_0 .net "clk", 0 0, v00000152035bd5e0_0;  1 drivers
v0000015203545710_0 .var "data_buffer", 7 0;
v0000015203545a30_0 .var "data_out", 7 0;
v0000015203545170_0 .var "data_ready", 0 0;
v00000152035458f0_0 .net "rst", 0 0, v00000152035bd4a0_0;  1 drivers
v00000152035455d0_0 .net "rx_in", 0 0, L_0000015203562d20;  alias, 1 drivers
v00000152035457b0_0 .var "rx_sync1", 0 0;
v0000015203545530_0 .var "rx_sync2", 0 0;
v0000015203545850_0 .var "state", 1 0;
E_0000015203540be0 .event posedge, v00000152035458f0_0, v0000015203544e50_0;
S_0000015203561d20 .scope module, "TX_inst" "UART_Tx" 2 20, 4 1 0, S_0000015203561a00;
 .timescale 0 0;
    .port_info 0 /INPUT 1 "clk";
    .port_info 1 /INPUT 1 "rst";
    .port_info 2 /INPUT 8 "data_in";
    .port_info 3 /INPUT 1 "start";
    .port_info 4 /OUTPUT 1 "tx_out";
    .port_info 5 /OUTPUT 1 "busy";
P_0000015203554410 .param/l "BAUD_RATE" 0 4 1, +C4<00000000000000000010010110000000>;
P_0000015203554448 .param/l "BITS" 0 4 1, +C4<00000000000000000000000000001000>;
P_0000015203554480 .param/l "CLOCK_FREQ" 0 4 1, +C4<00000010111110101111000010000000>;
P_00000152035544b8 .param/l "DATA_BITS" 1 4 9, C4<10>;
P_00000152035544f0 .param/l "IDLE" 1 4 9, C4<00>;
P_0000015203554528 .param/l "START_BIT" 1 4 9, C4<01>;
P_0000015203554560 .param/l "STOP_BIT" 1 4 9, C4<11>;
v0000015203545ad0_0 .var "baud_counter", 15 0;
v0000015203545030_0 .var "bit_index", 3 0;
v0000015203545b70_0 .var "busy", 0 0;
v0000015203545350_0 .net "clk", 0 0, v00000152035bd5e0_0;  alias, 1 drivers
v0000015203545cb0_0 .var "data_buffer", 7 0;
v0000015203545c10_0 .net "data_in", 7 0, v00000152035bd360_0;  1 drivers
v0000015203544db0_0 .net "rst", 0 0, v00000152035bd4a0_0;  alias, 1 drivers
v0000015203545210_0 .net "start", 0 0, v00000152035bba60_0;  1 drivers
v0000015203544ef0_0 .var "state", 1 0;
v00000152035452b0_0 .var "tx_out", 0 0;
S_0000015203516440 .scope task, "send_byte" "send_byte" 2 63, 2 63 0, S_0000015203561a00;
 .timescale 0 0;
v00000152035453f0_0 .var "byte_to_send", 7 0;
E_00000152035405a0 .event posedge, v0000015203545170_0;
E_0000015203540b20 .event posedge, v0000015203544e50_0;
TD_UART_tb.send_byte ;
    %wait E_0000015203540b20;
    %load/vec4 v00000152035453f0_0;
    %store/vec4 v00000152035bd360_0, 0, 8;
    %pushi/vec4 1, 0, 1;
    %store/vec4 v00000152035bba60_0, 0, 1;
    %wait E_0000015203540b20;
    %pushi/vec4 0, 0, 1;
    %store/vec4 v00000152035bba60_0, 0, 1;
    %wait E_00000152035405a0;
    %vpi_call 2 74 "$display", "Enviado=%d , Recibido=%d", v00000152035453f0_0, v00000152035bbe20_0 {0 0 0};
    %delay 100, 0;
    %end;
    .scope S_0000015203561d20;
T_1 ;
    %wait E_0000015203540be0;
    %load/vec4 v0000015203544db0_0;
    %flag_set/vec4 8;
    %jmp/0xz  T_1.0, 8;
    %pushi/vec4 0, 0, 2;
    %assign/vec4 v0000015203544ef0_0, 0;
    %pushi/vec4 1, 0, 1;
    %assign/vec4 v00000152035452b0_0, 0;
    %pushi/vec4 0, 0, 1;
    %assign/vec4 v0000015203545b70_0, 0;
    %pushi/vec4 0, 0, 4;
    %assign/vec4 v0000015203545030_0, 0;
    %pushi/vec4 0, 0, 16;
    %assign/vec4 v0000015203545ad0_0, 0;
    %jmp T_1.1;
T_1.0 ;
    %load/vec4 v0000015203544ef0_0;
    %dup/vec4;
    %pushi/vec4 0, 0, 2;
    %cmp/u;
    %jmp/1 T_1.2, 6;
    %dup/vec4;
    %pushi/vec4 1, 0, 2;
    %cmp/u;
    %jmp/1 T_1.3, 6;
    %dup/vec4;
    %pushi/vec4 2, 0, 2;
    %cmp/u;
    %jmp/1 T_1.4, 6;
    %dup/vec4;
    %pushi/vec4 3, 0, 2;
    %cmp/u;
    %jmp/1 T_1.5, 6;
    %jmp T_1.6;
T_1.2 ;
    %pushi/vec4 1, 0, 1;
    %assign/vec4 v00000152035452b0_0, 0;
    %pushi/vec4 0, 0, 1;
    %assign/vec4 v0000015203545b70_0, 0;
    %load/vec4 v0000015203545210_0;
    %flag_set/vec4 8;
    %jmp/0xz  T_1.7, 8;
    %load/vec4 v0000015203545c10_0;
    %assign/vec4 v0000015203545cb0_0, 0;
    %pushi/vec4 1, 0, 2;
    %assign/vec4 v0000015203544ef0_0, 0;
    %pushi/vec4 1, 0, 1;
    %assign/vec4 v0000015203545b70_0, 0;
T_1.7 ;
    %jmp T_1.6;
T_1.3 ;
    %pushi/vec4 0, 0, 1;
    %assign/vec4 v00000152035452b0_0, 0;
    %load/vec4 v0000015203545ad0_0;
    %pad/u 32;
    %cmpi/u 5207, 0, 32;
    %jmp/0xz  T_1.9, 5;
    %load/vec4 v0000015203545ad0_0;
    %addi 1, 0, 16;
    %assign/vec4 v0000015203545ad0_0, 0;
    %jmp T_1.10;
T_1.9 ;
    %pushi/vec4 0, 0, 16;
    %assign/vec4 v0000015203545ad0_0, 0;
    %pushi/vec4 2, 0, 2;
    %assign/vec4 v0000015203544ef0_0, 0;
    %pushi/vec4 0, 0, 4;
    %assign/vec4 v0000015203545030_0, 0;
T_1.10 ;
    %jmp T_1.6;
T_1.4 ;
    %load/vec4 v0000015203545cb0_0;
    %load/vec4 v0000015203545030_0;
    %part/u 1;
    %assign/vec4 v00000152035452b0_0, 0;
    %load/vec4 v0000015203545ad0_0;
    %pad/u 32;
    %cmpi/u 5207, 0, 32;
    %jmp/0xz  T_1.11, 5;
    %load/vec4 v0000015203545ad0_0;
    %addi 1, 0, 16;
    %assign/vec4 v0000015203545ad0_0, 0;
    %jmp T_1.12;
T_1.11 ;
    %pushi/vec4 0, 0, 16;
    %assign/vec4 v0000015203545ad0_0, 0;
    %load/vec4 v0000015203545030_0;
    %pad/u 32;
    %cmpi/u 7, 0, 32;
    %jmp/0xz  T_1.13, 5;
    %load/vec4 v0000015203545030_0;
    %addi 1, 0, 4;
    %assign/vec4 v0000015203545030_0, 0;
    %jmp T_1.14;
T_1.13 ;
    %pushi/vec4 3, 0, 2;
    %assign/vec4 v0000015203544ef0_0, 0;
T_1.14 ;
T_1.12 ;
    %jmp T_1.6;
T_1.5 ;
    %pushi/vec4 1, 0, 1;
    %assign/vec4 v00000152035452b0_0, 0;
    %load/vec4 v0000015203545ad0_0;
    %pad/u 32;
    %cmpi/u 5207, 0, 32;
    %jmp/0xz  T_1.15, 5;
    %load/vec4 v0000015203545ad0_0;
    %addi 1, 0, 16;
    %assign/vec4 v0000015203545ad0_0, 0;
    %jmp T_1.16;
T_1.15 ;
    %pushi/vec4 0, 0, 16;
    %assign/vec4 v0000015203545ad0_0, 0;
    %pushi/vec4 0, 0, 2;
    %assign/vec4 v0000015203544ef0_0, 0;
T_1.16 ;
    %jmp T_1.6;
T_1.6 ;
    %pop/vec4 1;
T_1.1 ;
    %jmp T_1;
    .thread T_1;
    .scope S_0000015203561b90;
T_2 ;
    %wait E_0000015203540be0;
    %load/vec4 v00000152035458f0_0;
    %flag_set/vec4 8;
    %jmp/0xz  T_2.0, 8;
    %pushi/vec4 1, 0, 1;
    %assign/vec4 v00000152035457b0_0, 0;
    %pushi/vec4 1, 0, 1;
    %assign/vec4 v0000015203545530_0, 0;
    %jmp T_2.1;
T_2.0 ;
    %load/vec4 v00000152035455d0_0;
    %assign/vec4 v00000152035457b0_0, 0;
    %load/vec4 v00000152035457b0_0;
    %assign/vec4 v0000015203545530_0, 0;
T_2.1 ;
    %jmp T_2;
    .thread T_2;
    .scope S_0000015203561b90;
T_3 ;
    %wait E_0000015203540be0;
    %load/vec4 v00000152035458f0_0;
    %flag_set/vec4 8;
    %jmp/0xz  T_3.0, 8;
    %pushi/vec4 0, 0, 2;
    %assign/vec4 v0000015203545850_0, 0;
    %pushi/vec4 0, 0, 8;
    %assign/vec4 v0000015203545a30_0, 0;
    %pushi/vec4 0, 0, 1;
    %assign/vec4 v0000015203545170_0, 0;
    %pushi/vec4 0, 0, 4;
    %assign/vec4 v00000152035450d0_0, 0;
    %pushi/vec4 0, 0, 16;
    %assign/vec4 v0000015203545670_0, 0;
    %pushi/vec4 0, 0, 8;
    %assign/vec4 v0000015203545710_0, 0;
    %jmp T_3.1;
T_3.0 ;
    %load/vec4 v0000015203545850_0;
    %dup/vec4;
    %pushi/vec4 0, 0, 2;
    %cmp/u;
    %jmp/1 T_3.2, 6;
    %dup/vec4;
    %pushi/vec4 1, 0, 2;
    %cmp/u;
    %jmp/1 T_3.3, 6;
    %dup/vec4;
    %pushi/vec4 2, 0, 2;
    %cmp/u;
    %jmp/1 T_3.4, 6;
    %dup/vec4;
    %pushi/vec4 3, 0, 2;
    %cmp/u;
    %jmp/1 T_3.5, 6;
    %jmp T_3.6;
T_3.2 ;
    %pushi/vec4 0, 0, 1;
    %assign/vec4 v0000015203545170_0, 0;
    %pushi/vec4 0, 0, 16;
    %assign/vec4 v0000015203545670_0, 0;
    %pushi/vec4 0, 0, 4;
    %assign/vec4 v00000152035450d0_0, 0;
    %load/vec4 v0000015203545530_0;
    %nor/r;
    %flag_set/vec4 8;
    %jmp/0xz  T_3.7, 8;
    %pushi/vec4 1, 0, 2;
    %assign/vec4 v0000015203545850_0, 0;
T_3.7 ;
    %jmp T_3.6;
T_3.3 ;
    %load/vec4 v0000015203545670_0;
    %pad/u 32;
    %cmpi/e 2603, 0, 32;
    %jmp/0xz  T_3.9, 4;
    %pushi/vec4 0, 0, 16;
    %assign/vec4 v0000015203545670_0, 0;
    %load/vec4 v0000015203545530_0;
    %nor/r;
    %flag_set/vec4 8;
    %jmp/0xz  T_3.11, 8;
    %pushi/vec4 2, 0, 2;
    %assign/vec4 v0000015203545850_0, 0;
    %jmp T_3.12;
T_3.11 ;
    %pushi/vec4 0, 0, 2;
    %assign/vec4 v0000015203545850_0, 0;
T_3.12 ;
    %jmp T_3.10;
T_3.9 ;
    %load/vec4 v0000015203545670_0;
    %addi 1, 0, 16;
    %assign/vec4 v0000015203545670_0, 0;
T_3.10 ;
    %jmp T_3.6;
T_3.4 ;
    %load/vec4 v0000015203545670_0;
    %pad/u 32;
    %cmpi/u 5207, 0, 32;
    %jmp/0xz  T_3.13, 5;
    %load/vec4 v0000015203545670_0;
    %addi 1, 0, 16;
    %assign/vec4 v0000015203545670_0, 0;
    %jmp T_3.14;
T_3.13 ;
    %pushi/vec4 0, 0, 16;
    %assign/vec4 v0000015203545670_0, 0;
    %load/vec4 v0000015203545530_0;
    %ix/load 5, 0, 0;
    %ix/getv 4, v00000152035450d0_0;
    %assign/vec4/off/d v0000015203545710_0, 4, 5;
    %load/vec4 v00000152035450d0_0;
    %pad/u 32;
    %cmpi/u 7, 0, 32;
    %jmp/0xz  T_3.15, 5;
    %load/vec4 v00000152035450d0_0;
    %addi 1, 0, 4;
    %assign/vec4 v00000152035450d0_0, 0;
    %jmp T_3.16;
T_3.15 ;
    %pushi/vec4 0, 0, 4;
    %assign/vec4 v00000152035450d0_0, 0;
    %pushi/vec4 3, 0, 2;
    %assign/vec4 v0000015203545850_0, 0;
T_3.16 ;
T_3.14 ;
    %jmp T_3.6;
T_3.5 ;
    %load/vec4 v0000015203545670_0;
    %pad/u 32;
    %cmpi/u 5207, 0, 32;
    %jmp/0xz  T_3.17, 5;
    %load/vec4 v0000015203545670_0;
    %addi 1, 0, 16;
    %assign/vec4 v0000015203545670_0, 0;
    %jmp T_3.18;
T_3.17 ;
    %pushi/vec4 0, 0, 16;
    %assign/vec4 v0000015203545670_0, 0;
    %load/vec4 v0000015203545710_0;
    %assign/vec4 v0000015203545a30_0, 0;
    %pushi/vec4 1, 0, 1;
    %assign/vec4 v0000015203545170_0, 0;
    %pushi/vec4 0, 0, 2;
    %assign/vec4 v0000015203545850_0, 0;
T_3.18 ;
    %jmp T_3.6;
T_3.6 ;
    %pop/vec4 1;
T_3.1 ;
    %jmp T_3;
    .thread T_3;
    .scope S_0000015203561a00;
T_4 ;
    %pushi/vec4 0, 0, 1;
    %store/vec4 v00000152035bd5e0_0, 0, 1;
    %pushi/vec4 1, 0, 1;
    %store/vec4 v00000152035bd4a0_0, 0, 1;
    %pushi/vec4 0, 0, 8;
    %store/vec4 v00000152035bd360_0, 0, 8;
    %pushi/vec4 0, 0, 1;
    %store/vec4 v00000152035bba60_0, 0, 1;
    %end;
    .thread T_4;
    .scope S_0000015203561a00;
T_5 ;
    %delay 10, 0;
    %load/vec4 v00000152035bd5e0_0;
    %inv;
    %store/vec4 v00000152035bd5e0_0, 0, 1;
    %jmp T_5;
    .thread T_5;
    .scope S_0000015203561a00;
T_6 ;
    %delay 100, 0;
    %pushi/vec4 0, 0, 1;
    %store/vec4 v00000152035bd4a0_0, 0, 1;
    %pushi/vec4 55, 0, 8;
    %store/vec4 v00000152035453f0_0, 0, 8;
    %fork TD_UART_tb.send_byte, S_0000015203516440;
    %join;
    %pushi/vec4 12, 0, 8;
    %store/vec4 v00000152035453f0_0, 0, 8;
    %fork TD_UART_tb.send_byte, S_0000015203516440;
    %join;
    %pushi/vec4 24, 0, 8;
    %store/vec4 v00000152035453f0_0, 0, 8;
    %fork TD_UART_tb.send_byte, S_0000015203516440;
    %join;
    %delay 20, 0;
    %vpi_call 2 60 "$finish" {0 0 0};
    %end;
    .thread T_6;
    .scope S_0000015203561a00;
T_7 ;
    %vpi_call 2 81 "$dumpfile", "UART_tb.vcd" {0 0 0};
    %vpi_call 2 82 "$dumpvars", 32'sb00000000000000000000000000000000, S_0000015203561a00 {0 0 0};
    %end;
    .thread T_7;
# The file index is used to find the file name in the following table.
:file_names 5;
    "N/A";
    "<interactive>";
    "UART_tb.v";
    "UART_Rx.v";
    "UART_Tx.v";
