#! /Users/andre_apl/Downloads/oss-cad-suite/bin/vvp
:ivl_version "13.0 (devel)" "(s20251012-95-ga44b3fbe4)";
:ivl_delay_selection "TYPICAL";
:vpi_time_precision + 0;
:vpi_module "/Users/andre_apl/Downloads/oss-cad-suite/lib/ivl/system.vpi";
:vpi_module "/Users/andre_apl/Downloads/oss-cad-suite/lib/ivl/vhdl_sys.vpi";
:vpi_module "/Users/andre_apl/Downloads/oss-cad-suite/lib/ivl/vhdl_textio.vpi";
:vpi_module "/Users/andre_apl/Downloads/oss-cad-suite/lib/ivl/v2005_math.vpi";
:vpi_module "/Users/andre_apl/Downloads/oss-cad-suite/lib/ivl/va_math.vpi";
S_0x101314200 .scope module, "mux_tb" "mux_tb" 2 1;
 .timescale 0 0;
v0x10131aa30_0 .var "D", 3 0;
v0x10131aaf0_0 .var "S", 1 0;
v0x10131abc0_0 .net "out", 0 0, v0x10131a950_0;  1 drivers
S_0x101314380 .scope module, "DUT" "mux" 2 6, 3 1 0, S_0x101314200;
 .timescale 0 0;
    .port_info 0 /INPUT 4 "D";
    .port_info 1 /INPUT 2 "S";
    .port_info 2 /OUTPUT 1 "out";
v0x101315a60_0 .net "D", 3 0, v0x10131aa30_0;  1 drivers
v0x10131a8a0_0 .net "S", 1 0, v0x10131aaf0_0;  1 drivers
v0x10131a950_0 .var "out", 0 0;
E_0x101316030 .event anyedge, v0x10131a8a0_0, v0x101315a60_0;
    .scope S_0x101314380;
T_0 ;
    %wait E_0x101316030;
    %load/vec4 v0x10131a8a0_0;
    %dup/vec4;
    %pushi/vec4 0, 0, 2;
    %cmp/u;
    %jmp/1 T_0.0, 6;
    %dup/vec4;
    %pushi/vec4 1, 0, 2;
    %cmp/u;
    %jmp/1 T_0.1, 6;
    %jmp T_0.2;
T_0.0 ;
    %load/vec4 v0x101315a60_0;
    %parti/s 1, 0, 2;
    %store/vec4 v0x10131a950_0, 0, 1;
    %jmp T_0.2;
T_0.1 ;
    %load/vec4 v0x101315a60_0;
    %parti/s 1, 1, 2;
    %store/vec4 v0x10131a950_0, 0, 1;
    %jmp T_0.2;
T_0.2 ;
    %pop/vec4 1;
    %jmp T_0;
    .thread T_0, $push;
    .scope S_0x101314200;
T_1 ;
    %vpi_call 2 9 "$display", "Sim start" {0 0 0};
    %pushi/vec4 5, 0, 4;
    %store/vec4 v0x10131aa30_0, 0, 4;
    %pushi/vec4 0, 0, 2;
    %store/vec4 v0x10131aaf0_0, 0, 2;
    %delay 10, 0;
    %pushi/vec4 1, 0, 2;
    %store/vec4 v0x10131aaf0_0, 0, 2;
    %delay 10, 0;
    %pushi/vec4 2, 0, 2;
    %store/vec4 v0x10131aaf0_0, 0, 2;
    %delay 10, 0;
    %pushi/vec4 3, 0, 2;
    %store/vec4 v0x10131aaf0_0, 0, 2;
    %vpi_call 2 19 "$stop" {0 0 0};
    %vpi_call 2 20 "$finish" {0 0 0};
    %end;
    .thread T_1;
    .scope S_0x101314200;
T_2 ;
    %vpi_call 2 23 "$monitor", "D = %b, S = %b, out = %b", v0x10131aa30_0, v0x10131aaf0_0, v0x10131abc0_0 {0 0 0};
    %end;
    .thread T_2;
    .scope S_0x101314200;
T_3 ;
    %vpi_call 2 27 "$dumpfile", "mux.cvd" {0 0 0};
    %vpi_call 2 28 "$dumpvars", 32'sb00000000000000000000000000000000, S_0x101314200 {0 0 0};
    %end;
    .thread T_3;
# The file index is used to find the file name in the following table.
:file_names 4;
    "N/A";
    "<interactive>";
    "mux_tb.v";
    "mux.v";
