#! /Users/andre_apl/Downloads/oss-cad-suite/bin/vvp
:ivl_version "13.0 (devel)" "(s20251012-95-ga44b3fbe4)";
:ivl_delay_selection "TYPICAL";
:vpi_time_precision + 0;
:vpi_module "/Users/andre_apl/Downloads/oss-cad-suite/lib/ivl/system.vpi";
:vpi_module "/Users/andre_apl/Downloads/oss-cad-suite/lib/ivl/vhdl_sys.vpi";
:vpi_module "/Users/andre_apl/Downloads/oss-cad-suite/lib/ivl/vhdl_textio.vpi";
:vpi_module "/Users/andre_apl/Downloads/oss-cad-suite/lib/ivl/v2005_math.vpi";
:vpi_module "/Users/andre_apl/Downloads/oss-cad-suite/lib/ivl/va_math.vpi";
S_0x1058c9be0 .scope module, "BCD_4displays_tb" "BCD_4displays_tb" 2 1;
 .timescale 0 0;
v0x82d07d720_0 .net "D_ce", 6 0, v0x1058cf030_0;  1 drivers
v0x82d07d7c0_0 .net "D_de", 6 0, v0x82d07c0a0_0;  1 drivers
v0x82d07d860_0 .net "D_mi", 6 0, v0x82d07c1e0_0;  1 drivers
v0x82d07d900_0 .net "D_un", 6 0, v0x82d07c320_0;  1 drivers
v0x82d07d9a0_0 .var "bcd_in", 9 0;
S_0x1058c9d60 .scope module, "DUT" "BCD_4displays" 2 7, 3 1 0, S_0x1058c9be0;
 .timescale 0 0;
    .port_info 0 /INPUT 10 "bcd_in";
    .port_info 1 /OUTPUT 7 "D_un";
    .port_info 2 /OUTPUT 7 "D_de";
    .port_info 3 /OUTPUT 7 "D_ce";
    .port_info 4 /OUTPUT 7 "D_mi";
P_0x82c82c000 .param/l "N_in" 0 3 1, +C4<00000000000000000000000000001010>;
P_0x82c82c040 .param/l "N_out" 0 3 1, +C4<00000000000000000000000000000111>;
v0x82d07c3c0_0 .net "D_ce", 6 0, v0x1058cf030_0;  alias, 1 drivers
v0x82d07c460_0 .net "D_de", 6 0, v0x82d07c0a0_0;  alias, 1 drivers
v0x82d07c500_0 .net "D_mi", 6 0, v0x82d07c1e0_0;  alias, 1 drivers
v0x82d07c5a0_0 .net "D_un", 6 0, v0x82d07c320_0;  alias, 1 drivers
v0x82d07c640_0 .net *"_ivl_0", 31 0, L_0x82d07da40;  1 drivers
v0x82d07c6e0_0 .net *"_ivl_10", 31 0, L_0x82d07dae0;  1 drivers
L_0x82cc540a0 .functor BUFT 1, C4<0000000000000000000000>, C4<0>, C4<0>, C4<0>;
v0x82d07c780_0 .net *"_ivl_13", 21 0, L_0x82cc540a0;  1 drivers
L_0x82cc540e8 .functor BUFT 1, C4<00000000000000000000000000001010>, C4<0>, C4<0>, C4<0>;
v0x82d07c820_0 .net/2u *"_ivl_14", 31 0, L_0x82cc540e8;  1 drivers
v0x82d07c8c0_0 .net *"_ivl_16", 31 0, L_0x1058d2160;  1 drivers
L_0x82cc54130 .functor BUFT 1, C4<00000000000000000000000000001010>, C4<0>, C4<0>, C4<0>;
v0x82d07c960_0 .net/2u *"_ivl_18", 31 0, L_0x82cc54130;  1 drivers
v0x82d07ca00_0 .net *"_ivl_20", 31 0, L_0x1058d2200;  1 drivers
v0x82d07caa0_0 .net *"_ivl_24", 31 0, L_0x82d07db80;  1 drivers
L_0x82cc54178 .functor BUFT 1, C4<0000000000000000000000>, C4<0>, C4<0>, C4<0>;
v0x82d07cb40_0 .net *"_ivl_27", 21 0, L_0x82cc54178;  1 drivers
L_0x82cc541c0 .functor BUFT 1, C4<00000000000000000000000001100100>, C4<0>, C4<0>, C4<0>;
v0x82d07cbe0_0 .net/2u *"_ivl_28", 31 0, L_0x82cc541c0;  1 drivers
L_0x82cc54010 .functor BUFT 1, C4<0000000000000000000000>, C4<0>, C4<0>, C4<0>;
v0x82d07cc80_0 .net *"_ivl_3", 21 0, L_0x82cc54010;  1 drivers
v0x82d07cd20_0 .net *"_ivl_30", 31 0, L_0x1058d2340;  1 drivers
L_0x82cc54208 .functor BUFT 1, C4<00000000000000000000000000001010>, C4<0>, C4<0>, C4<0>;
v0x82d07cdc0_0 .net/2u *"_ivl_32", 31 0, L_0x82cc54208;  1 drivers
v0x82d07ce60_0 .net *"_ivl_34", 31 0, L_0x1058d23e0;  1 drivers
v0x82d07cf00_0 .net *"_ivl_38", 31 0, L_0x82d07dc20;  1 drivers
L_0x82cc54058 .functor BUFT 1, C4<00000000000000000000000000001010>, C4<0>, C4<0>, C4<0>;
v0x82d07cfa0_0 .net/2u *"_ivl_4", 31 0, L_0x82cc54058;  1 drivers
L_0x82cc54250 .functor BUFT 1, C4<0000000000000000000000>, C4<0>, C4<0>, C4<0>;
v0x82d07d040_0 .net *"_ivl_41", 21 0, L_0x82cc54250;  1 drivers
L_0x82cc54298 .functor BUFT 1, C4<00000000000000000000001111101000>, C4<0>, C4<0>, C4<0>;
v0x82d07d0e0_0 .net/2u *"_ivl_42", 31 0, L_0x82cc54298;  1 drivers
v0x82d07d180_0 .net *"_ivl_44", 31 0, L_0x82d080000;  1 drivers
L_0x82cc542e0 .functor BUFT 1, C4<00000000000000000000000000001010>, C4<0>, C4<0>, C4<0>;
v0x82d07d220_0 .net/2u *"_ivl_46", 31 0, L_0x82cc542e0;  1 drivers
v0x82d07d2c0_0 .net *"_ivl_48", 31 0, L_0x82d0800a0;  1 drivers
v0x82d07d360_0 .net *"_ivl_6", 31 0, L_0x1058d1c60;  1 drivers
v0x82d07d400_0 .net "bcd_in", 9 0, v0x82d07d9a0_0;  1 drivers
v0x82d07d4a0_0 .net "centenas", 3 0, L_0x1058d2480;  1 drivers
v0x82d07d540_0 .net "decenas", 3 0, L_0x1058d22a0;  1 drivers
v0x82d07d5e0_0 .net "milares", 3 0, L_0x82d080140;  1 drivers
v0x82d07d680_0 .net "unidades", 3 0, L_0x1058d1d00;  1 drivers
L_0x82d07da40 .concat [ 10 22 0 0], v0x82d07d9a0_0, L_0x82cc54010;
L_0x1058d1c60 .arith/mod 32, L_0x82d07da40, L_0x82cc54058;
L_0x1058d1d00 .part L_0x1058d1c60, 0, 4;
L_0x82d07dae0 .concat [ 10 22 0 0], v0x82d07d9a0_0, L_0x82cc540a0;
L_0x1058d2160 .arith/div 32, L_0x82d07dae0, L_0x82cc540e8;
L_0x1058d2200 .arith/mod 32, L_0x1058d2160, L_0x82cc54130;
L_0x1058d22a0 .part L_0x1058d2200, 0, 4;
L_0x82d07db80 .concat [ 10 22 0 0], v0x82d07d9a0_0, L_0x82cc54178;
L_0x1058d2340 .arith/div 32, L_0x82d07db80, L_0x82cc541c0;
L_0x1058d23e0 .arith/mod 32, L_0x1058d2340, L_0x82cc54208;
L_0x1058d2480 .part L_0x1058d23e0, 0, 4;
L_0x82d07dc20 .concat [ 10 22 0 0], v0x82d07d9a0_0, L_0x82cc54250;
L_0x82d080000 .arith/div 32, L_0x82d07dc20, L_0x82cc54298;
L_0x82d0800a0 .arith/mod 32, L_0x82d080000, L_0x82cc542e0;
L_0x82d080140 .part L_0x82d0800a0, 0, 4;
S_0x1058c7690 .scope module, "cent" "BCD" 3 23, 4 1 0, S_0x1058c9d60;
 .timescale 0 0;
    .port_info 0 /INPUT 4 "bcd_in";
    .port_info 1 /OUTPUT 7 "bcd_out";
v0x1058cfc70_0 .net "bcd_in", 3 0, L_0x1058d2480;  alias, 1 drivers
v0x1058cf030_0 .var "bcd_out", 0 6;
E_0x82d045980 .event anyedge, v0x1058cfc70_0;
S_0x1058c7810 .scope module, "dec" "BCD" 3 18, 4 1 0, S_0x1058c9d60;
 .timescale 0 0;
    .port_info 0 /INPUT 4 "bcd_in";
    .port_info 1 /OUTPUT 7 "bcd_out";
v0x82d07c000_0 .net "bcd_in", 3 0, L_0x1058d22a0;  alias, 1 drivers
v0x82d07c0a0_0 .var "bcd_out", 0 6;
E_0x82d0459c0 .event anyedge, v0x82d07c000_0;
S_0x1058c4320 .scope module, "mil" "BCD" 3 28, 4 1 0, S_0x1058c9d60;
 .timescale 0 0;
    .port_info 0 /INPUT 4 "bcd_in";
    .port_info 1 /OUTPUT 7 "bcd_out";
v0x82d07c140_0 .net "bcd_in", 3 0, L_0x82d080140;  alias, 1 drivers
v0x82d07c1e0_0 .var "bcd_out", 0 6;
E_0x82d045a00 .event anyedge, v0x82d07c140_0;
S_0x1058c44a0 .scope module, "un" "BCD" 3 13, 4 1 0, S_0x1058c9d60;
 .timescale 0 0;
    .port_info 0 /INPUT 4 "bcd_in";
    .port_info 1 /OUTPUT 7 "bcd_out";
v0x82d07c280_0 .net "bcd_in", 3 0, L_0x1058d1d00;  alias, 1 drivers
v0x82d07c320_0 .var "bcd_out", 0 6;
E_0x82d045a40 .event anyedge, v0x82d07c280_0;
    .scope S_0x1058c44a0;
T_0 ;
    %wait E_0x82d045a40;
    %load/vec4 v0x82d07c280_0;
    %dup/vec4;
    %pushi/vec4 0, 0, 4;
    %cmp/u;
    %jmp/1 T_0.0, 6;
    %dup/vec4;
    %pushi/vec4 1, 0, 4;
    %cmp/u;
    %jmp/1 T_0.1, 6;
    %dup/vec4;
    %pushi/vec4 2, 0, 4;
    %cmp/u;
    %jmp/1 T_0.2, 6;
    %dup/vec4;
    %pushi/vec4 3, 0, 4;
    %cmp/u;
    %jmp/1 T_0.3, 6;
    %dup/vec4;
    %pushi/vec4 4, 0, 4;
    %cmp/u;
    %jmp/1 T_0.4, 6;
    %dup/vec4;
    %pushi/vec4 5, 0, 4;
    %cmp/u;
    %jmp/1 T_0.5, 6;
    %dup/vec4;
    %pushi/vec4 6, 0, 4;
    %cmp/u;
    %jmp/1 T_0.6, 6;
    %dup/vec4;
    %pushi/vec4 7, 0, 4;
    %cmp/u;
    %jmp/1 T_0.7, 6;
    %dup/vec4;
    %pushi/vec4 8, 0, 4;
    %cmp/u;
    %jmp/1 T_0.8, 6;
    %dup/vec4;
    %pushi/vec4 9, 0, 4;
    %cmp/u;
    %jmp/1 T_0.9, 6;
    %pushi/vec4 0, 0, 7;
    %store/vec4 v0x82d07c320_0, 0, 7;
    %jmp T_0.11;
T_0.0 ;
    %pushi/vec4 126, 0, 7;
    %store/vec4 v0x82d07c320_0, 0, 7;
    %jmp T_0.11;
T_0.1 ;
    %pushi/vec4 48, 0, 7;
    %store/vec4 v0x82d07c320_0, 0, 7;
    %jmp T_0.11;
T_0.2 ;
    %pushi/vec4 109, 0, 7;
    %store/vec4 v0x82d07c320_0, 0, 7;
    %jmp T_0.11;
T_0.3 ;
    %pushi/vec4 121, 0, 7;
    %store/vec4 v0x82d07c320_0, 0, 7;
    %jmp T_0.11;
T_0.4 ;
    %pushi/vec4 51, 0, 7;
    %store/vec4 v0x82d07c320_0, 0, 7;
    %jmp T_0.11;
T_0.5 ;
    %pushi/vec4 91, 0, 7;
    %store/vec4 v0x82d07c320_0, 0, 7;
    %jmp T_0.11;
T_0.6 ;
    %pushi/vec4 95, 0, 7;
    %store/vec4 v0x82d07c320_0, 0, 7;
    %jmp T_0.11;
T_0.7 ;
    %pushi/vec4 112, 0, 7;
    %store/vec4 v0x82d07c320_0, 0, 7;
    %jmp T_0.11;
T_0.8 ;
    %pushi/vec4 127, 0, 7;
    %store/vec4 v0x82d07c320_0, 0, 7;
    %jmp T_0.11;
T_0.9 ;
    %pushi/vec4 123, 0, 7;
    %store/vec4 v0x82d07c320_0, 0, 7;
    %jmp T_0.11;
T_0.11 ;
    %pop/vec4 1;
    %jmp T_0;
    .thread T_0, $push;
    .scope S_0x1058c7810;
T_1 ;
    %wait E_0x82d0459c0;
    %load/vec4 v0x82d07c000_0;
    %dup/vec4;
    %pushi/vec4 0, 0, 4;
    %cmp/u;
    %jmp/1 T_1.0, 6;
    %dup/vec4;
    %pushi/vec4 1, 0, 4;
    %cmp/u;
    %jmp/1 T_1.1, 6;
    %dup/vec4;
    %pushi/vec4 2, 0, 4;
    %cmp/u;
    %jmp/1 T_1.2, 6;
    %dup/vec4;
    %pushi/vec4 3, 0, 4;
    %cmp/u;
    %jmp/1 T_1.3, 6;
    %dup/vec4;
    %pushi/vec4 4, 0, 4;
    %cmp/u;
    %jmp/1 T_1.4, 6;
    %dup/vec4;
    %pushi/vec4 5, 0, 4;
    %cmp/u;
    %jmp/1 T_1.5, 6;
    %dup/vec4;
    %pushi/vec4 6, 0, 4;
    %cmp/u;
    %jmp/1 T_1.6, 6;
    %dup/vec4;
    %pushi/vec4 7, 0, 4;
    %cmp/u;
    %jmp/1 T_1.7, 6;
    %dup/vec4;
    %pushi/vec4 8, 0, 4;
    %cmp/u;
    %jmp/1 T_1.8, 6;
    %dup/vec4;
    %pushi/vec4 9, 0, 4;
    %cmp/u;
    %jmp/1 T_1.9, 6;
    %pushi/vec4 0, 0, 7;
    %store/vec4 v0x82d07c0a0_0, 0, 7;
    %jmp T_1.11;
T_1.0 ;
    %pushi/vec4 126, 0, 7;
    %store/vec4 v0x82d07c0a0_0, 0, 7;
    %jmp T_1.11;
T_1.1 ;
    %pushi/vec4 48, 0, 7;
    %store/vec4 v0x82d07c0a0_0, 0, 7;
    %jmp T_1.11;
T_1.2 ;
    %pushi/vec4 109, 0, 7;
    %store/vec4 v0x82d07c0a0_0, 0, 7;
    %jmp T_1.11;
T_1.3 ;
    %pushi/vec4 121, 0, 7;
    %store/vec4 v0x82d07c0a0_0, 0, 7;
    %jmp T_1.11;
T_1.4 ;
    %pushi/vec4 51, 0, 7;
    %store/vec4 v0x82d07c0a0_0, 0, 7;
    %jmp T_1.11;
T_1.5 ;
    %pushi/vec4 91, 0, 7;
    %store/vec4 v0x82d07c0a0_0, 0, 7;
    %jmp T_1.11;
T_1.6 ;
    %pushi/vec4 95, 0, 7;
    %store/vec4 v0x82d07c0a0_0, 0, 7;
    %jmp T_1.11;
T_1.7 ;
    %pushi/vec4 112, 0, 7;
    %store/vec4 v0x82d07c0a0_0, 0, 7;
    %jmp T_1.11;
T_1.8 ;
    %pushi/vec4 127, 0, 7;
    %store/vec4 v0x82d07c0a0_0, 0, 7;
    %jmp T_1.11;
T_1.9 ;
    %pushi/vec4 123, 0, 7;
    %store/vec4 v0x82d07c0a0_0, 0, 7;
    %jmp T_1.11;
T_1.11 ;
    %pop/vec4 1;
    %jmp T_1;
    .thread T_1, $push;
    .scope S_0x1058c7690;
T_2 ;
    %wait E_0x82d045980;
    %load/vec4 v0x1058cfc70_0;
    %dup/vec4;
    %pushi/vec4 0, 0, 4;
    %cmp/u;
    %jmp/1 T_2.0, 6;
    %dup/vec4;
    %pushi/vec4 1, 0, 4;
    %cmp/u;
    %jmp/1 T_2.1, 6;
    %dup/vec4;
    %pushi/vec4 2, 0, 4;
    %cmp/u;
    %jmp/1 T_2.2, 6;
    %dup/vec4;
    %pushi/vec4 3, 0, 4;
    %cmp/u;
    %jmp/1 T_2.3, 6;
    %dup/vec4;
    %pushi/vec4 4, 0, 4;
    %cmp/u;
    %jmp/1 T_2.4, 6;
    %dup/vec4;
    %pushi/vec4 5, 0, 4;
    %cmp/u;
    %jmp/1 T_2.5, 6;
    %dup/vec4;
    %pushi/vec4 6, 0, 4;
    %cmp/u;
    %jmp/1 T_2.6, 6;
    %dup/vec4;
    %pushi/vec4 7, 0, 4;
    %cmp/u;
    %jmp/1 T_2.7, 6;
    %dup/vec4;
    %pushi/vec4 8, 0, 4;
    %cmp/u;
    %jmp/1 T_2.8, 6;
    %dup/vec4;
    %pushi/vec4 9, 0, 4;
    %cmp/u;
    %jmp/1 T_2.9, 6;
    %pushi/vec4 0, 0, 7;
    %store/vec4 v0x1058cf030_0, 0, 7;
    %jmp T_2.11;
T_2.0 ;
    %pushi/vec4 126, 0, 7;
    %store/vec4 v0x1058cf030_0, 0, 7;
    %jmp T_2.11;
T_2.1 ;
    %pushi/vec4 48, 0, 7;
    %store/vec4 v0x1058cf030_0, 0, 7;
    %jmp T_2.11;
T_2.2 ;
    %pushi/vec4 109, 0, 7;
    %store/vec4 v0x1058cf030_0, 0, 7;
    %jmp T_2.11;
T_2.3 ;
    %pushi/vec4 121, 0, 7;
    %store/vec4 v0x1058cf030_0, 0, 7;
    %jmp T_2.11;
T_2.4 ;
    %pushi/vec4 51, 0, 7;
    %store/vec4 v0x1058cf030_0, 0, 7;
    %jmp T_2.11;
T_2.5 ;
    %pushi/vec4 91, 0, 7;
    %store/vec4 v0x1058cf030_0, 0, 7;
    %jmp T_2.11;
T_2.6 ;
    %pushi/vec4 95, 0, 7;
    %store/vec4 v0x1058cf030_0, 0, 7;
    %jmp T_2.11;
T_2.7 ;
    %pushi/vec4 112, 0, 7;
    %store/vec4 v0x1058cf030_0, 0, 7;
    %jmp T_2.11;
T_2.8 ;
    %pushi/vec4 127, 0, 7;
    %store/vec4 v0x1058cf030_0, 0, 7;
    %jmp T_2.11;
T_2.9 ;
    %pushi/vec4 123, 0, 7;
    %store/vec4 v0x1058cf030_0, 0, 7;
    %jmp T_2.11;
T_2.11 ;
    %pop/vec4 1;
    %jmp T_2;
    .thread T_2, $push;
    .scope S_0x1058c4320;
T_3 ;
    %wait E_0x82d045a00;
    %load/vec4 v0x82d07c140_0;
    %dup/vec4;
    %pushi/vec4 0, 0, 4;
    %cmp/u;
    %jmp/1 T_3.0, 6;
    %dup/vec4;
    %pushi/vec4 1, 0, 4;
    %cmp/u;
    %jmp/1 T_3.1, 6;
    %dup/vec4;
    %pushi/vec4 2, 0, 4;
    %cmp/u;
    %jmp/1 T_3.2, 6;
    %dup/vec4;
    %pushi/vec4 3, 0, 4;
    %cmp/u;
    %jmp/1 T_3.3, 6;
    %dup/vec4;
    %pushi/vec4 4, 0, 4;
    %cmp/u;
    %jmp/1 T_3.4, 6;
    %dup/vec4;
    %pushi/vec4 5, 0, 4;
    %cmp/u;
    %jmp/1 T_3.5, 6;
    %dup/vec4;
    %pushi/vec4 6, 0, 4;
    %cmp/u;
    %jmp/1 T_3.6, 6;
    %dup/vec4;
    %pushi/vec4 7, 0, 4;
    %cmp/u;
    %jmp/1 T_3.7, 6;
    %dup/vec4;
    %pushi/vec4 8, 0, 4;
    %cmp/u;
    %jmp/1 T_3.8, 6;
    %dup/vec4;
    %pushi/vec4 9, 0, 4;
    %cmp/u;
    %jmp/1 T_3.9, 6;
    %pushi/vec4 0, 0, 7;
    %store/vec4 v0x82d07c1e0_0, 0, 7;
    %jmp T_3.11;
T_3.0 ;
    %pushi/vec4 126, 0, 7;
    %store/vec4 v0x82d07c1e0_0, 0, 7;
    %jmp T_3.11;
T_3.1 ;
    %pushi/vec4 48, 0, 7;
    %store/vec4 v0x82d07c1e0_0, 0, 7;
    %jmp T_3.11;
T_3.2 ;
    %pushi/vec4 109, 0, 7;
    %store/vec4 v0x82d07c1e0_0, 0, 7;
    %jmp T_3.11;
T_3.3 ;
    %pushi/vec4 121, 0, 7;
    %store/vec4 v0x82d07c1e0_0, 0, 7;
    %jmp T_3.11;
T_3.4 ;
    %pushi/vec4 51, 0, 7;
    %store/vec4 v0x82d07c1e0_0, 0, 7;
    %jmp T_3.11;
T_3.5 ;
    %pushi/vec4 91, 0, 7;
    %store/vec4 v0x82d07c1e0_0, 0, 7;
    %jmp T_3.11;
T_3.6 ;
    %pushi/vec4 95, 0, 7;
    %store/vec4 v0x82d07c1e0_0, 0, 7;
    %jmp T_3.11;
T_3.7 ;
    %pushi/vec4 112, 0, 7;
    %store/vec4 v0x82d07c1e0_0, 0, 7;
    %jmp T_3.11;
T_3.8 ;
    %pushi/vec4 127, 0, 7;
    %store/vec4 v0x82d07c1e0_0, 0, 7;
    %jmp T_3.11;
T_3.9 ;
    %pushi/vec4 123, 0, 7;
    %store/vec4 v0x82d07c1e0_0, 0, 7;
    %jmp T_3.11;
T_3.11 ;
    %pop/vec4 1;
    %jmp T_3;
    .thread T_3, $push;
    .scope S_0x1058c9be0;
T_4 ;
    %pushi/vec4 50, 0, 32;
T_4.0 %dup/vec4;
    %cmpi/s 0, 0, 32;
    %jmp/1xz T_4.1, 5;
    %jmp/1 T_4.1, 4;
    %subi 1, 0, 32;
    %vpi_call 2 12 "$display", "Simulaci\303\263n iniciada" {0 0 0};
    %vpi_func 2 13 "$random" 32 {0 0 0};
    %pushi/vec4 1023, 0, 32;
    %mod/s;
    %pad/s 10;
    %store/vec4 v0x82d07d9a0_0, 0, 10;
    %delay 10, 0;
    %jmp T_4.0;
T_4.1 ;
    %pop/vec4 1;
    %vpi_call 2 16 "$display", "Simulaci\303\263n finalizada" {0 0 0};
    %vpi_call 2 17 "$stop" {0 0 0};
    %vpi_call 2 18 "$finish" {0 0 0};
    %end;
    .thread T_4;
    .scope S_0x1058c9be0;
T_5 ;
    %vpi_call 2 22 "$monitor", "bcd_in=%b, D_un= %b, D_de=%b, D_ce= %b, D_mi= %b", v0x82d07d9a0_0, v0x82d07d900_0, v0x82d07d7c0_0, v0x82d07d720_0, v0x82d07d860_0 {0 0 0};
    %end;
    .thread T_5;
    .scope S_0x1058c9be0;
T_6 ;
    %vpi_call 2 26 "$dumpfile", "BCD_4displays_tb.vcd" {0 0 0};
    %vpi_call 2 27 "$dumpvars", 32'sb00000000000000000000000000000000, S_0x1058c9be0 {0 0 0};
    %end;
    .thread T_6;
# The file index is used to find the file name in the following table.
:file_names 5;
    "N/A";
    "<interactive>";
    "BCD_4displays_tb.v";
    "BCD_4displays.v";
    "BCD.v";
