#! /Users/andre_apl/Downloads/oss-cad-suite/bin/vvp
:ivl_version "13.0 (devel)" "(s20251012-95-ga44b3fbe4)";
:ivl_delay_selection "TYPICAL";
:vpi_time_precision + 0;
:vpi_module "/Users/andre_apl/Downloads/oss-cad-suite/lib/ivl/system.vpi";
:vpi_module "/Users/andre_apl/Downloads/oss-cad-suite/lib/ivl/vhdl_sys.vpi";
:vpi_module "/Users/andre_apl/Downloads/oss-cad-suite/lib/ivl/vhdl_textio.vpi";
:vpi_module "/Users/andre_apl/Downloads/oss-cad-suite/lib/ivl/v2005_math.vpi";
:vpi_module "/Users/andre_apl/Downloads/oss-cad-suite/lib/ivl/va_math.vpi";
S_0x102c06c00 .scope module, "Prim4_tb" "Prim4_tb" 2 1;
 .timescale 0 0;
v0x102c0fb20_0 .var/i "C", 31 0;
v0x102c0fbd0_0 .var "S", 3 0;
v0x102c0fc80_0 .net "out", 0 0, v0x102c0fa40_0;  1 drivers
S_0x102c06d80 .scope module, "DUT" "Prim4" 2 7, 3 1 0, S_0x102c06c00;
 .timescale 0 0;
    .port_info 0 /INPUT 4 "S";
    .port_info 1 /OUTPUT 1 "out";
v0x102c0a630_0 .net "S", 3 0, v0x102c0fbd0_0;  1 drivers
v0x102c0fa40_0 .var "out", 0 0;
E_0xb83428100 .event anyedge, v0x102c0a630_0;
    .scope S_0x102c06d80;
T_0 ;
    %wait E_0xb83428100;
    %load/vec4 v0x102c0a630_0;
    %dup/vec4;
    %pushi/vec4 2, 0, 4;
    %cmp/u;
    %jmp/1 T_0.0, 6;
    %dup/vec4;
    %pushi/vec4 3, 0, 4;
    %cmp/u;
    %jmp/1 T_0.1, 6;
    %dup/vec4;
    %pushi/vec4 5, 0, 4;
    %cmp/u;
    %jmp/1 T_0.2, 6;
    %dup/vec4;
    %pushi/vec4 7, 0, 4;
    %cmp/u;
    %jmp/1 T_0.3, 6;
    %dup/vec4;
    %pushi/vec4 11, 0, 4;
    %cmp/u;
    %jmp/1 T_0.4, 6;
    %dup/vec4;
    %pushi/vec4 13, 0, 4;
    %cmp/u;
    %jmp/1 T_0.5, 6;
    %pushi/vec4 0, 0, 1;
    %store/vec4 v0x102c0fa40_0, 0, 1;
    %jmp T_0.7;
T_0.0 ;
    %pushi/vec4 1, 0, 1;
    %store/vec4 v0x102c0fa40_0, 0, 1;
    %jmp T_0.7;
T_0.1 ;
    %pushi/vec4 1, 0, 1;
    %store/vec4 v0x102c0fa40_0, 0, 1;
    %jmp T_0.7;
T_0.2 ;
    %pushi/vec4 1, 0, 1;
    %store/vec4 v0x102c0fa40_0, 0, 1;
    %jmp T_0.7;
T_0.3 ;
    %pushi/vec4 1, 0, 1;
    %store/vec4 v0x102c0fa40_0, 0, 1;
    %jmp T_0.7;
T_0.4 ;
    %pushi/vec4 1, 0, 1;
    %store/vec4 v0x102c0fa40_0, 0, 1;
    %jmp T_0.7;
T_0.5 ;
    %pushi/vec4 1, 0, 1;
    %store/vec4 v0x102c0fa40_0, 0, 1;
    %jmp T_0.7;
T_0.7 ;
    %pop/vec4 1;
    %jmp T_0;
    .thread T_0, $push;
    .scope S_0x102c06c00;
T_1 ;
    %vpi_call 2 11 "$display", "simulacion iniciada" {0 0 0};
    %pushi/vec4 0, 0, 32;
    %store/vec4 v0x102c0fb20_0, 0, 32;
T_1.0 ; Top of for-loop
    %load/vec4 v0x102c0fb20_0;
    %cmpi/s 15, 0, 32;
	  %jmp/0xz T_1.1, 5;
    %load/vec4 v0x102c0fb20_0;
    %parti/s 4, 0, 2;
    %store/vec4 v0x102c0fbd0_0, 0, 4;
    %delay 10, 0;
T_1.2 ; for-loop step statement
    %load/vec4 v0x102c0fb20_0;
    %addi 1, 0, 32;
    %store/vec4 v0x102c0fb20_0, 0, 32;
    %jmp T_1.0;
T_1.1 ; for-loop exit label
    %vpi_call 2 17 "$display", "simulacion finalizada" {0 0 0};
    %vpi_call 2 18 "$stop" {0 0 0};
    %vpi_call 2 19 "$finish" {0 0 0};
    %end;
    .thread T_1;
    .scope S_0x102c06c00;
T_2 ;
    %vpi_call 2 23 "$monitor", "S = %b,out = %b,", v0x102c0fbd0_0, v0x102c0fc80_0 {0 0 0};
    %end;
    .thread T_2;
    .scope S_0x102c06c00;
T_3 ;
    %vpi_call 2 27 "$dumpfile", "Prim4_tb.vcd" {0 0 0};
    %vpi_call 2 28 "$dumpvars", 32'sb00000000000000000000000000000000, S_0x102c06c00 {0 0 0};
    %end;
    .thread T_3;
# The file index is used to find the file name in the following table.
:file_names 4;
    "N/A";
    "<interactive>";
    "Prim4_tb.v";
    "Prim4.v";
