#! /Users/andre_apl/Downloads/oss-cad-suite/bin/vvp
:ivl_version "13.0 (devel)" "(s20251012-95-ga44b3fbe4)";
:ivl_delay_selection "TYPICAL";
:vpi_time_precision - 12;
:vpi_module "/Users/andre_apl/Downloads/oss-cad-suite/lib/ivl/system.vpi";
:vpi_module "/Users/andre_apl/Downloads/oss-cad-suite/lib/ivl/vhdl_sys.vpi";
:vpi_module "/Users/andre_apl/Downloads/oss-cad-suite/lib/ivl/vhdl_textio.vpi";
:vpi_module "/Users/andre_apl/Downloads/oss-cad-suite/lib/ivl/v2005_math.vpi";
:vpi_module "/Users/andre_apl/Downloads/oss-cad-suite/lib/ivl/va_math.vpi";
S_0x1033c0020 .scope module, "main_tb" "main_tb" 2 3;
 .timescale -9 -12;
v0xaa7485fe0_0 .net "HEX0", 6 0, v0xaa74843c0_0;  1 drivers
v0xaa7486080_0 .net "HEX1", 6 0, v0xaa7484140_0;  1 drivers
v0xaa7486120_0 .net "HEX2", 6 0, v0xaa7484000_0;  1 drivers
v0xaa74861c0_0 .net "HEX3", 6 0, v0xaa7484280_0;  1 drivers
v0xaa7486260_0 .var "clk", 0 0;
v0xaa7486300_0 .var "rst", 0 0;
S_0x1033be750 .scope module, "dut" "main" 2 13, 3 1 0, S_0x1033c0020;
 .timescale 0 0;
    .port_info 0 /INPUT 1 "clk";
    .port_info 1 /INPUT 1 "rst";
    .port_info 2 /OUTPUT 7 "HEX0";
    .port_info 3 /OUTPUT 7 "HEX1";
    .port_info 4 /OUTPUT 7 "HEX2";
    .port_info 5 /OUTPUT 7 "HEX3";
v0xaa7485a40_0 .net "HEX0", 6 0, v0xaa74843c0_0;  alias, 1 drivers
v0xaa7485ae0_0 .net "HEX1", 6 0, v0xaa7484140_0;  alias, 1 drivers
v0xaa7485b80_0 .net "HEX2", 6 0, v0xaa7484000_0;  alias, 1 drivers
v0xaa7485c20_0 .net "HEX3", 6 0, v0xaa7484280_0;  alias, 1 drivers
v0xaa7485cc0_0 .net "clk", 0 0, v0xaa7486260_0;  1 drivers
v0xaa7485d60_0 .net "clk_slow", 0 0, v0xaa7485860_0;  1 drivers
v0xaa7485e00_0 .net "count_unused", 31 0, v0xaa7485900_0;  1 drivers
v0xaa7485ea0_0 .var "counter", 9 0;
v0xaa7485f40_0 .net "rst", 0 0, v0xaa7486300_0;  1 drivers
E_0xaa7464740 .event posedge, v0xaa74859a0_0, v0xaa7485860_0;
S_0x1033be8d0 .scope module, "u_4disp" "BCD_4displays" 3 30, 4 1 0, S_0x1033be750;
 .timescale 0 0;
    .port_info 0 /INPUT 10 "bcd_in";
    .port_info 1 /OUTPUT 7 "D_un";
    .port_info 2 /OUTPUT 7 "D_de";
    .port_info 3 /OUTPUT 7 "D_ce";
    .port_info 4 /OUTPUT 7 "D_mi";
P_0x1033bea50 .param/l "N_in" 0 4 1, +C4<00000000000000000000000000001010>;
P_0x1033bea90 .param/l "N_out" 0 4 1, +C4<00000000000000000000000000000111>;
v0xaa7484460_0 .net "D_ce", 6 0, v0xaa7484000_0;  alias, 1 drivers
v0xaa7484500_0 .net "D_de", 6 0, v0xaa7484140_0;  alias, 1 drivers
v0xaa74845a0_0 .net "D_mi", 6 0, v0xaa7484280_0;  alias, 1 drivers
v0xaa7484640_0 .net "D_un", 6 0, v0xaa74843c0_0;  alias, 1 drivers
v0xaa74846e0_0 .net *"_ivl_0", 31 0, L_0x1033c6b50;  1 drivers
v0xaa7484780_0 .net *"_ivl_10", 31 0, L_0x1033c6f10;  1 drivers
L_0xaa70540a0 .functor BUFT 1, C4<0000000000000000000000>, C4<0>, C4<0>, C4<0>;
v0xaa7484820_0 .net *"_ivl_13", 21 0, L_0xaa70540a0;  1 drivers
L_0xaa70540e8 .functor BUFT 1, C4<00000000000000000000000000001010>, C4<0>, C4<0>, C4<0>;
v0xaa74848c0_0 .net/2u *"_ivl_14", 31 0, L_0xaa70540e8;  1 drivers
v0xaa7484960_0 .net *"_ivl_16", 31 0, L_0xaa7486440;  1 drivers
L_0xaa7054130 .functor BUFT 1, C4<00000000000000000000000000001010>, C4<0>, C4<0>, C4<0>;
v0xaa7484a00_0 .net/2u *"_ivl_18", 31 0, L_0xaa7054130;  1 drivers
v0xaa7484aa0_0 .net *"_ivl_20", 31 0, L_0xaa746caa0;  1 drivers
v0xaa7484b40_0 .net *"_ivl_24", 31 0, L_0x1033c6fb0;  1 drivers
L_0xaa7054178 .functor BUFT 1, C4<0000000000000000000000>, C4<0>, C4<0>, C4<0>;
v0xaa7484be0_0 .net *"_ivl_27", 21 0, L_0xaa7054178;  1 drivers
L_0xaa70541c0 .functor BUFT 1, C4<00000000000000000000000001100100>, C4<0>, C4<0>, C4<0>;
v0xaa7484c80_0 .net/2u *"_ivl_28", 31 0, L_0xaa70541c0;  1 drivers
L_0xaa7054010 .functor BUFT 1, C4<0000000000000000000000>, C4<0>, C4<0>, C4<0>;
v0xaa7484d20_0 .net *"_ivl_3", 21 0, L_0xaa7054010;  1 drivers
v0xaa7484dc0_0 .net *"_ivl_30", 31 0, L_0xaa7486580;  1 drivers
L_0xaa7054208 .functor BUFT 1, C4<00000000000000000000000000001010>, C4<0>, C4<0>, C4<0>;
v0xaa7484e60_0 .net/2u *"_ivl_32", 31 0, L_0xaa7054208;  1 drivers
v0xaa7484f00_0 .net *"_ivl_34", 31 0, L_0xaa746cb40;  1 drivers
v0xaa7484fa0_0 .net *"_ivl_38", 31 0, L_0x1033c7050;  1 drivers
L_0xaa7054058 .functor BUFT 1, C4<00000000000000000000000000001010>, C4<0>, C4<0>, C4<0>;
v0xaa7485040_0 .net/2u *"_ivl_4", 31 0, L_0xaa7054058;  1 drivers
L_0xaa7054250 .functor BUFT 1, C4<0000000000000000000000>, C4<0>, C4<0>, C4<0>;
v0xaa74850e0_0 .net *"_ivl_41", 21 0, L_0xaa7054250;  1 drivers
L_0xaa7054298 .functor BUFT 1, C4<00000000000000000000001111101000>, C4<0>, C4<0>, C4<0>;
v0xaa7485180_0 .net/2u *"_ivl_42", 31 0, L_0xaa7054298;  1 drivers
v0xaa7485220_0 .net *"_ivl_44", 31 0, L_0xaa74866c0;  1 drivers
L_0xaa70542e0 .functor BUFT 1, C4<00000000000000000000000000001010>, C4<0>, C4<0>, C4<0>;
v0xaa74852c0_0 .net/2u *"_ivl_46", 31 0, L_0xaa70542e0;  1 drivers
v0xaa7485360_0 .net *"_ivl_48", 31 0, L_0xaa746cbe0;  1 drivers
v0xaa7485400_0 .net *"_ivl_6", 31 0, L_0xaa746ca00;  1 drivers
v0xaa74854a0_0 .net "bcd_in", 9 0, v0xaa7485ea0_0;  1 drivers
v0xaa7485540_0 .net "centenas", 3 0, L_0xaa7486620;  1 drivers
v0xaa74855e0_0 .net "decenas", 3 0, L_0xaa74864e0;  1 drivers
v0xaa7485680_0 .net "milares", 3 0, L_0xaa7486760;  1 drivers
v0xaa7485720_0 .net "unidades", 3 0, L_0xaa74863a0;  1 drivers
L_0x1033c6b50 .concat [ 10 22 0 0], v0xaa7485ea0_0, L_0xaa7054010;
L_0xaa746ca00 .arith/mod 32, L_0x1033c6b50, L_0xaa7054058;
L_0xaa74863a0 .part L_0xaa746ca00, 0, 4;
L_0x1033c6f10 .concat [ 10 22 0 0], v0xaa7485ea0_0, L_0xaa70540a0;
L_0xaa7486440 .arith/div 32, L_0x1033c6f10, L_0xaa70540e8;
L_0xaa746caa0 .arith/mod 32, L_0xaa7486440, L_0xaa7054130;
L_0xaa74864e0 .part L_0xaa746caa0, 0, 4;
L_0x1033c6fb0 .concat [ 10 22 0 0], v0xaa7485ea0_0, L_0xaa7054178;
L_0xaa7486580 .arith/div 32, L_0x1033c6fb0, L_0xaa70541c0;
L_0xaa746cb40 .arith/mod 32, L_0xaa7486580, L_0xaa7054208;
L_0xaa7486620 .part L_0xaa746cb40, 0, 4;
L_0x1033c7050 .concat [ 10 22 0 0], v0xaa7485ea0_0, L_0xaa7054250;
L_0xaa74866c0 .arith/div 32, L_0x1033c7050, L_0xaa7054298;
L_0xaa746cbe0 .arith/mod 32, L_0xaa74866c0, L_0xaa70542e0;
L_0xaa7486760 .part L_0xaa746cbe0, 0, 4;
S_0x1033bd220 .scope module, "cent" "BCD" 4 23, 5 1 0, S_0x1033be8d0;
 .timescale 0 0;
    .port_info 0 /INPUT 4 "bcd_in";
    .port_info 1 /OUTPUT 7 "bcd_out";
v0x1033bd3a0_0 .net "bcd_in", 3 0, L_0xaa7486620;  alias, 1 drivers
v0xaa7484000_0 .var "bcd_out", 6 0;
E_0xaa74647c0 .event anyedge, v0x1033bd3a0_0;
S_0x1033bab00 .scope module, "dec" "BCD" 4 18, 5 1 0, S_0x1033be8d0;
 .timescale 0 0;
    .port_info 0 /INPUT 4 "bcd_in";
    .port_info 1 /OUTPUT 7 "bcd_out";
v0xaa74840a0_0 .net "bcd_in", 3 0, L_0xaa74864e0;  alias, 1 drivers
v0xaa7484140_0 .var "bcd_out", 6 0;
E_0xaa7464840 .event anyedge, v0xaa74840a0_0;
S_0x1033bac80 .scope module, "mil" "BCD" 4 28, 5 1 0, S_0x1033be8d0;
 .timescale 0 0;
    .port_info 0 /INPUT 4 "bcd_in";
    .port_info 1 /OUTPUT 7 "bcd_out";
v0xaa74841e0_0 .net "bcd_in", 3 0, L_0xaa7486760;  alias, 1 drivers
v0xaa7484280_0 .var "bcd_out", 6 0;
E_0xaa74648c0 .event anyedge, v0xaa74841e0_0;
S_0x1033b8a20 .scope module, "un" "BCD" 4 13, 5 1 0, S_0x1033be8d0;
 .timescale 0 0;
    .port_info 0 /INPUT 4 "bcd_in";
    .port_info 1 /OUTPUT 7 "bcd_out";
v0xaa7484320_0 .net "bcd_in", 3 0, L_0xaa74863a0;  alias, 1 drivers
v0xaa74843c0_0 .var "bcd_out", 6 0;
E_0xaa7464940 .event anyedge, v0xaa7484320_0;
S_0x1033b8ba0 .scope module, "u_clk_div" "clk_divide" 3 15, 6 1 0, S_0x1033be750;
 .timescale 0 0;
    .port_info 0 /INPUT 1 "clk";
    .port_info 1 /INPUT 1 "rst";
    .port_info 2 /OUTPUT 1 "clk_div";
    .port_info 3 /OUTPUT 32 "count";
P_0x1033c6a90 .param/l "CLK_FREQ" 0 6 3, +C4<00000010111110101111000010000000>;
P_0x1033c6ad0 .param/l "FREQ" 0 6 2, +C4<00000000000000000000000000000001>;
P_0x1033c6b10 .param/l "constantnum" 1 6 11, +C4<0000000000000000000000000000000000000001011111010111100001000000>;
v0xaa74857c0_0 .net "clk", 0 0, v0xaa7486260_0;  alias, 1 drivers
v0xaa7485860_0 .var "clk_div", 0 0;
v0xaa7485900_0 .var "count", 31 0;
v0xaa74859a0_0 .net "rst", 0 0, v0xaa7486300_0;  alias, 1 drivers
E_0xaa7464980 .event posedge, v0xaa74859a0_0, v0xaa74857c0_0;
    .scope S_0x1033b8ba0;
T_0 ;
    %wait E_0xaa7464980;
    %load/vec4 v0xaa74859a0_0;
    %pad/u 32;
    %cmpi/e 1, 0, 32;
    %jmp/0xz  T_0.0, 4;
    %pushi/vec4 0, 0, 32;
    %assign/vec4 v0xaa7485900_0, 0;
    %jmp T_0.1;
T_0.0 ;
    %load/vec4 v0xaa7485900_0;
    %pad/u 64;
    %cmpi/e 24999999, 0, 64;
    %jmp/0xz  T_0.2, 4;
    %pushi/vec4 0, 0, 32;
    %assign/vec4 v0xaa7485900_0, 0;
    %jmp T_0.3;
T_0.2 ;
    %load/vec4 v0xaa7485900_0;
    %addi 1, 0, 32;
    %assign/vec4 v0xaa7485900_0, 0;
T_0.3 ;
T_0.1 ;
    %jmp T_0;
    .thread T_0;
    .scope S_0x1033b8ba0;
T_1 ;
    %wait E_0xaa7464980;
    %load/vec4 v0xaa74859a0_0;
    %pad/u 32;
    %cmpi/e 1, 0, 32;
    %jmp/0xz  T_1.0, 4;
    %pushi/vec4 0, 0, 1;
    %assign/vec4 v0xaa7485860_0, 0;
    %jmp T_1.1;
T_1.0 ;
    %load/vec4 v0xaa7485900_0;
    %pad/u 64;
    %cmpi/e 24999999, 0, 64;
    %jmp/0xz  T_1.2, 4;
    %load/vec4 v0xaa7485860_0;
    %inv;
    %assign/vec4 v0xaa7485860_0, 0;
    %jmp T_1.3;
T_1.2 ;
    %load/vec4 v0xaa7485860_0;
    %assign/vec4 v0xaa7485860_0, 0;
T_1.3 ;
T_1.1 ;
    %jmp T_1;
    .thread T_1;
    .scope S_0x1033b8a20;
T_2 ;
    %wait E_0xaa7464940;
    %load/vec4 v0xaa7484320_0;
    %dup/vec4;
    %pushi/vec4 0, 0, 4;
    %cmp/u;
    %jmp/1 T_2.0, 6;
    %dup/vec4;
    %pushi/vec4 1, 0, 4;
    %cmp/u;
    %jmp/1 T_2.1, 6;
    %dup/vec4;
    %pushi/vec4 2, 0, 4;
    %cmp/u;
    %jmp/1 T_2.2, 6;
    %dup/vec4;
    %pushi/vec4 3, 0, 4;
    %cmp/u;
    %jmp/1 T_2.3, 6;
    %dup/vec4;
    %pushi/vec4 4, 0, 4;
    %cmp/u;
    %jmp/1 T_2.4, 6;
    %dup/vec4;
    %pushi/vec4 5, 0, 4;
    %cmp/u;
    %jmp/1 T_2.5, 6;
    %dup/vec4;
    %pushi/vec4 6, 0, 4;
    %cmp/u;
    %jmp/1 T_2.6, 6;
    %dup/vec4;
    %pushi/vec4 7, 0, 4;
    %cmp/u;
    %jmp/1 T_2.7, 6;
    %dup/vec4;
    %pushi/vec4 8, 0, 4;
    %cmp/u;
    %jmp/1 T_2.8, 6;
    %dup/vec4;
    %pushi/vec4 9, 0, 4;
    %cmp/u;
    %jmp/1 T_2.9, 6;
    %pushi/vec4 127, 0, 7;
    %store/vec4 v0xaa74843c0_0, 0, 7;
    %jmp T_2.11;
T_2.0 ;
    %pushi/vec4 64, 0, 7;
    %store/vec4 v0xaa74843c0_0, 0, 7;
    %jmp T_2.11;
T_2.1 ;
    %pushi/vec4 121, 0, 7;
    %store/vec4 v0xaa74843c0_0, 0, 7;
    %jmp T_2.11;
T_2.2 ;
    %pushi/vec4 36, 0, 7;
    %store/vec4 v0xaa74843c0_0, 0, 7;
    %jmp T_2.11;
T_2.3 ;
    %pushi/vec4 48, 0, 7;
    %store/vec4 v0xaa74843c0_0, 0, 7;
    %jmp T_2.11;
T_2.4 ;
    %pushi/vec4 25, 0, 7;
    %store/vec4 v0xaa74843c0_0, 0, 7;
    %jmp T_2.11;
T_2.5 ;
    %pushi/vec4 18, 0, 7;
    %store/vec4 v0xaa74843c0_0, 0, 7;
    %jmp T_2.11;
T_2.6 ;
    %pushi/vec4 2, 0, 7;
    %store/vec4 v0xaa74843c0_0, 0, 7;
    %jmp T_2.11;
T_2.7 ;
    %pushi/vec4 120, 0, 7;
    %store/vec4 v0xaa74843c0_0, 0, 7;
    %jmp T_2.11;
T_2.8 ;
    %pushi/vec4 0, 0, 7;
    %store/vec4 v0xaa74843c0_0, 0, 7;
    %jmp T_2.11;
T_2.9 ;
    %pushi/vec4 16, 0, 7;
    %store/vec4 v0xaa74843c0_0, 0, 7;
    %jmp T_2.11;
T_2.11 ;
    %pop/vec4 1;
    %jmp T_2;
    .thread T_2, $push;
    .scope S_0x1033bab00;
T_3 ;
    %wait E_0xaa7464840;
    %load/vec4 v0xaa74840a0_0;
    %dup/vec4;
    %pushi/vec4 0, 0, 4;
    %cmp/u;
    %jmp/1 T_3.0, 6;
    %dup/vec4;
    %pushi/vec4 1, 0, 4;
    %cmp/u;
    %jmp/1 T_3.1, 6;
    %dup/vec4;
    %pushi/vec4 2, 0, 4;
    %cmp/u;
    %jmp/1 T_3.2, 6;
    %dup/vec4;
    %pushi/vec4 3, 0, 4;
    %cmp/u;
    %jmp/1 T_3.3, 6;
    %dup/vec4;
    %pushi/vec4 4, 0, 4;
    %cmp/u;
    %jmp/1 T_3.4, 6;
    %dup/vec4;
    %pushi/vec4 5, 0, 4;
    %cmp/u;
    %jmp/1 T_3.5, 6;
    %dup/vec4;
    %pushi/vec4 6, 0, 4;
    %cmp/u;
    %jmp/1 T_3.6, 6;
    %dup/vec4;
    %pushi/vec4 7, 0, 4;
    %cmp/u;
    %jmp/1 T_3.7, 6;
    %dup/vec4;
    %pushi/vec4 8, 0, 4;
    %cmp/u;
    %jmp/1 T_3.8, 6;
    %dup/vec4;
    %pushi/vec4 9, 0, 4;
    %cmp/u;
    %jmp/1 T_3.9, 6;
    %pushi/vec4 127, 0, 7;
    %store/vec4 v0xaa7484140_0, 0, 7;
    %jmp T_3.11;
T_3.0 ;
    %pushi/vec4 64, 0, 7;
    %store/vec4 v0xaa7484140_0, 0, 7;
    %jmp T_3.11;
T_3.1 ;
    %pushi/vec4 121, 0, 7;
    %store/vec4 v0xaa7484140_0, 0, 7;
    %jmp T_3.11;
T_3.2 ;
    %pushi/vec4 36, 0, 7;
    %store/vec4 v0xaa7484140_0, 0, 7;
    %jmp T_3.11;
T_3.3 ;
    %pushi/vec4 48, 0, 7;
    %store/vec4 v0xaa7484140_0, 0, 7;
    %jmp T_3.11;
T_3.4 ;
    %pushi/vec4 25, 0, 7;
    %store/vec4 v0xaa7484140_0, 0, 7;
    %jmp T_3.11;
T_3.5 ;
    %pushi/vec4 18, 0, 7;
    %store/vec4 v0xaa7484140_0, 0, 7;
    %jmp T_3.11;
T_3.6 ;
    %pushi/vec4 2, 0, 7;
    %store/vec4 v0xaa7484140_0, 0, 7;
    %jmp T_3.11;
T_3.7 ;
    %pushi/vec4 120, 0, 7;
    %store/vec4 v0xaa7484140_0, 0, 7;
    %jmp T_3.11;
T_3.8 ;
    %pushi/vec4 0, 0, 7;
    %store/vec4 v0xaa7484140_0, 0, 7;
    %jmp T_3.11;
T_3.9 ;
    %pushi/vec4 16, 0, 7;
    %store/vec4 v0xaa7484140_0, 0, 7;
    %jmp T_3.11;
T_3.11 ;
    %pop/vec4 1;
    %jmp T_3;
    .thread T_3, $push;
    .scope S_0x1033bd220;
T_4 ;
    %wait E_0xaa74647c0;
    %load/vec4 v0x1033bd3a0_0;
    %dup/vec4;
    %pushi/vec4 0, 0, 4;
    %cmp/u;
    %jmp/1 T_4.0, 6;
    %dup/vec4;
    %pushi/vec4 1, 0, 4;
    %cmp/u;
    %jmp/1 T_4.1, 6;
    %dup/vec4;
    %pushi/vec4 2, 0, 4;
    %cmp/u;
    %jmp/1 T_4.2, 6;
    %dup/vec4;
    %pushi/vec4 3, 0, 4;
    %cmp/u;
    %jmp/1 T_4.3, 6;
    %dup/vec4;
    %pushi/vec4 4, 0, 4;
    %cmp/u;
    %jmp/1 T_4.4, 6;
    %dup/vec4;
    %pushi/vec4 5, 0, 4;
    %cmp/u;
    %jmp/1 T_4.5, 6;
    %dup/vec4;
    %pushi/vec4 6, 0, 4;
    %cmp/u;
    %jmp/1 T_4.6, 6;
    %dup/vec4;
    %pushi/vec4 7, 0, 4;
    %cmp/u;
    %jmp/1 T_4.7, 6;
    %dup/vec4;
    %pushi/vec4 8, 0, 4;
    %cmp/u;
    %jmp/1 T_4.8, 6;
    %dup/vec4;
    %pushi/vec4 9, 0, 4;
    %cmp/u;
    %jmp/1 T_4.9, 6;
    %pushi/vec4 127, 0, 7;
    %store/vec4 v0xaa7484000_0, 0, 7;
    %jmp T_4.11;
T_4.0 ;
    %pushi/vec4 64, 0, 7;
    %store/vec4 v0xaa7484000_0, 0, 7;
    %jmp T_4.11;
T_4.1 ;
    %pushi/vec4 121, 0, 7;
    %store/vec4 v0xaa7484000_0, 0, 7;
    %jmp T_4.11;
T_4.2 ;
    %pushi/vec4 36, 0, 7;
    %store/vec4 v0xaa7484000_0, 0, 7;
    %jmp T_4.11;
T_4.3 ;
    %pushi/vec4 48, 0, 7;
    %store/vec4 v0xaa7484000_0, 0, 7;
    %jmp T_4.11;
T_4.4 ;
    %pushi/vec4 25, 0, 7;
    %store/vec4 v0xaa7484000_0, 0, 7;
    %jmp T_4.11;
T_4.5 ;
    %pushi/vec4 18, 0, 7;
    %store/vec4 v0xaa7484000_0, 0, 7;
    %jmp T_4.11;
T_4.6 ;
    %pushi/vec4 2, 0, 7;
    %store/vec4 v0xaa7484000_0, 0, 7;
    %jmp T_4.11;
T_4.7 ;
    %pushi/vec4 120, 0, 7;
    %store/vec4 v0xaa7484000_0, 0, 7;
    %jmp T_4.11;
T_4.8 ;
    %pushi/vec4 0, 0, 7;
    %store/vec4 v0xaa7484000_0, 0, 7;
    %jmp T_4.11;
T_4.9 ;
    %pushi/vec4 16, 0, 7;
    %store/vec4 v0xaa7484000_0, 0, 7;
    %jmp T_4.11;
T_4.11 ;
    %pop/vec4 1;
    %jmp T_4;
    .thread T_4, $push;
    .scope S_0x1033bac80;
T_5 ;
    %wait E_0xaa74648c0;
    %load/vec4 v0xaa74841e0_0;
    %dup/vec4;
    %pushi/vec4 0, 0, 4;
    %cmp/u;
    %jmp/1 T_5.0, 6;
    %dup/vec4;
    %pushi/vec4 1, 0, 4;
    %cmp/u;
    %jmp/1 T_5.1, 6;
    %dup/vec4;
    %pushi/vec4 2, 0, 4;
    %cmp/u;
    %jmp/1 T_5.2, 6;
    %dup/vec4;
    %pushi/vec4 3, 0, 4;
    %cmp/u;
    %jmp/1 T_5.3, 6;
    %dup/vec4;
    %pushi/vec4 4, 0, 4;
    %cmp/u;
    %jmp/1 T_5.4, 6;
    %dup/vec4;
    %pushi/vec4 5, 0, 4;
    %cmp/u;
    %jmp/1 T_5.5, 6;
    %dup/vec4;
    %pushi/vec4 6, 0, 4;
    %cmp/u;
    %jmp/1 T_5.6, 6;
    %dup/vec4;
    %pushi/vec4 7, 0, 4;
    %cmp/u;
    %jmp/1 T_5.7, 6;
    %dup/vec4;
    %pushi/vec4 8, 0, 4;
    %cmp/u;
    %jmp/1 T_5.8, 6;
    %dup/vec4;
    %pushi/vec4 9, 0, 4;
    %cmp/u;
    %jmp/1 T_5.9, 6;
    %pushi/vec4 127, 0, 7;
    %store/vec4 v0xaa7484280_0, 0, 7;
    %jmp T_5.11;
T_5.0 ;
    %pushi/vec4 64, 0, 7;
    %store/vec4 v0xaa7484280_0, 0, 7;
    %jmp T_5.11;
T_5.1 ;
    %pushi/vec4 121, 0, 7;
    %store/vec4 v0xaa7484280_0, 0, 7;
    %jmp T_5.11;
T_5.2 ;
    %pushi/vec4 36, 0, 7;
    %store/vec4 v0xaa7484280_0, 0, 7;
    %jmp T_5.11;
T_5.3 ;
    %pushi/vec4 48, 0, 7;
    %store/vec4 v0xaa7484280_0, 0, 7;
    %jmp T_5.11;
T_5.4 ;
    %pushi/vec4 25, 0, 7;
    %store/vec4 v0xaa7484280_0, 0, 7;
    %jmp T_5.11;
T_5.5 ;
    %pushi/vec4 18, 0, 7;
    %store/vec4 v0xaa7484280_0, 0, 7;
    %jmp T_5.11;
T_5.6 ;
    %pushi/vec4 2, 0, 7;
    %store/vec4 v0xaa7484280_0, 0, 7;
    %jmp T_5.11;
T_5.7 ;
    %pushi/vec4 120, 0, 7;
    %store/vec4 v0xaa7484280_0, 0, 7;
    %jmp T_5.11;
T_5.8 ;
    %pushi/vec4 0, 0, 7;
    %store/vec4 v0xaa7484280_0, 0, 7;
    %jmp T_5.11;
T_5.9 ;
    %pushi/vec4 16, 0, 7;
    %store/vec4 v0xaa7484280_0, 0, 7;
    %jmp T_5.11;
T_5.11 ;
    %pop/vec4 1;
    %jmp T_5;
    .thread T_5, $push;
    .scope S_0x1033be750;
T_6 ;
    %wait E_0xaa7464740;
    %load/vec4 v0xaa7485f40_0;
    %flag_set/vec4 8;
    %jmp/0xz  T_6.0, 8;
    %pushi/vec4 0, 0, 10;
    %assign/vec4 v0xaa7485ea0_0, 0;
    %jmp T_6.1;
T_6.0 ;
    %load/vec4 v0xaa7485ea0_0;
    %addi 1, 0, 10;
    %assign/vec4 v0xaa7485ea0_0, 0;
T_6.1 ;
    %jmp T_6;
    .thread T_6;
    .scope S_0x1033be750;
T_7 ;
    %vpi_call 3 39 "$dumpfile", "main.vcd" {0 0 0};
    %vpi_call 3 40 "$dumpvars", 32'sb00000000000000000000000000000000, S_0x1033be750 {0 0 0};
    %end;
    .thread T_7;
    .scope S_0x1033c0020;
T_8 ;
    %pushi/vec4 0, 0, 1;
    %store/vec4 v0xaa7486260_0, 0, 1;
T_8.0 ;
    %delay 10000, 0;
    %load/vec4 v0xaa7486260_0;
    %inv;
    %store/vec4 v0xaa7486260_0, 0, 1;
    %jmp T_8.0;
T_8.1 ;
    %end;
    .thread T_8;
    .scope S_0x1033c0020;
T_9 ;
    %vpi_call 2 29 "$dumpfile", "main_simulation.vcd" {0 0 0};
    %vpi_call 2 30 "$dumpvars", 32'sb00000000000000000000000000000000, S_0x1033c0020 {0 0 0};
    %pushi/vec4 1, 0, 1;
    %store/vec4 v0xaa7486300_0, 0, 1;
    %delay 100000, 0;
    %pushi/vec4 0, 0, 1;
    %store/vec4 v0xaa7486300_0, 0, 1;
    %delay 50000000, 0;
    %vpi_call 2 39 "$finish" {0 0 0};
    %end;
    .thread T_9;
# The file index is used to find the file name in the following table.
:file_names 7;
    "N/A";
    "<interactive>";
    "main_tb.v";
    "main.v";
    "BCD_4displays.v";
    "BCD.v";
    "clk_divide.v";
